<?xml version="1.0" encoding="UTF-8"?>
<!-- Generated by org.testng.reporters.JUnitReportReporter -->
<testsuite hostname="Sunitas-MacBook-Air.local" failures="0" tests="5" name="TestNG.TestNGfirstProgram" time="0.036" errors="0" timestamp="17 Mar 2020 16:40:40 GMT" skipped="2">
  <testcase classname="TestNG.TestNGfirstProgram" name="mul" time="0.015"/>
  <testcase classname="TestNG.TestNGfirstProgram" name="sub" time="0.011"/>
  <testcase classname="TestNG.TestNGfirstProgram" name="add" time="0.010"/>
  <testcase classname="TestNG.TestNGfirstProgram" name="TC02">
    <skipped/>
  </testcase> <!-- TC02 -->
  <testcase classname="TestNG.TestNGfirstProgram" name="TC01">
    <skipped/>
  </testcase> <!-- TC01 -->
</testsuite> <!-- TestNG.TestNGfirstProgram -->
