<?xml version="1.0" encoding="UTF-8"?>
<!-- Generated by org.testng.reporters.JUnitReportReporter -->
<testsuite hostname="Sunitas-MacBook-Air.local" failures="0" tests="1" name="TestNG.AssertionDemo" time="4.339" errors="0" timestamp="17 Mar 2020 16:35:30 GMT" skipped="0">
  <testcase classname="TestNG.AssertionDemo" name="login" time="4.339"/>
</testsuite> <!-- TestNG.AssertionDemo -->
