<?xml version="1.0" encoding="UTF-8"?>
<!-- Generated by org.testng.reporters.JUnitReportReporter -->
<testsuite hostname="Sunitas-MacBook-Air.local" failures="0" tests="3" name="TestNG.BeforeAfterClass" time="0.042" errors="0" timestamp="17 Mar 2020 16:37:20 GMT" skipped="0">
  <testcase classname="TestNG.BeforeAfterClass" name="TC02" time="0.022"/>
  <testcase classname="TestNG.BeforeAfterClass" name="TC03" time="0.013"/>
  <testcase classname="TestNG.BeforeAfterClass" name="TC01" time="0.007"/>
</testsuite> <!-- TestNG.BeforeAfterClass -->
